---------------------------------------------------------------
[ 2018-05-14T13:40:41+08:00 ] 127.0.0.1 GET /
[ info ] 127.0.0.1:8058/ [运行时间：0.498043s][吞吐率：2.01req/s] [内存消耗：1,775.89kb] [文件加载：41]
[ info ] [ LANG ] D:\wamp64\www\itdongRbac\thinkphp\lang\zh-cn.php
[ info ] [ ROUTE ] array (
  'type' => 'module',
  'module' => 
  array (
    0 => '',
    1 => NULL,
    2 => NULL,
  ),
)
[ info ] [ HEADER ] array (
  'host' => '127.0.0.1:8058',
  'connection' => 'keep-alive',
  'upgrade-insecure-requests' => '1',
  'user-agent' => 'Mozilla/5.0 (Windows NT 10.0; Win64; x64) AppleWebKit/537.36 (KHTML, like Gecko) Chrome/64.0.3282.186 Safari/537.36',
  'accept' => 'text/html,application/xhtml+xml,application/xml;q=0.9,image/webp,image/apng,*/*;q=0.8',
  'accept-encoding' => 'gzip, deflate, br',
  'accept-language' => 'zh-CN,zh;q=0.9,en;q=0.8',
  'cookie' => 'PHPSESSID=h5hg79hqf2ta4e83qhs837q1pu',
)
[ info ] [ PARAM ] array (
)
[ info ] [ RUN ] app\index\controller\Index->index[ D:\wamp64\www\itdongRbac\application\index\controller\Index.php ]
[ info ] [ VIEW ] D:\wamp64\www\itdongRbac\public/../application/index\view\index\index.html [ array (
) ]
[ info ] [ LOG ] INIT File
