---------------------------------------------------------------
[ 2018-05-12T00:54:02+08:00 ] 127.0.0.1 POST /index.php/admin/index/getJson
[ info ] 127.0.0.1:8093/index.php/admin/index/getJson [运行时间：1.191447s][吞吐率：0.84req/s] [内存消耗：2,419.55kb] [文件加载：50]
[ info ] [ LANG ] G:\phptools\Apache24\htdocs\thinkRbac\thinkphp\lang\zh-cn.php
[ info ] [ ROUTE ] array (
  'type' => 'module',
  'module' => 
  array (
    0 => 'admin',
    1 => 'index',
    2 => 'getJson',
  ),
)
[ info ] [ HEADER ] array (
  'host' => '127.0.0.1:8093',
  'connection' => 'keep-alive',
  'content-length' => '6',
  'accept' => 'application/json, text/javascript, */*; q=0.01',
  'origin' => 'http://127.0.0.1:8093',
  'x-requested-with' => 'XMLHttpRequest',
  'user-agent' => 'Mozilla/5.0 (Windows NT 10.0; Win64; x64) AppleWebKit/537.36 (KHTML, like Gecko) Chrome/58.0.3029.110 Safari/537.36',
  'content-type' => 'application/x-www-form-urlencoded; charset=UTF-8',
  'referer' => 'http://127.0.0.1:8093/index.php/admin/index/showRole?requestNum=2',
  'accept-encoding' => 'gzip, deflate, br',
  'accept-language' => 'zh-CN,zh;q=0.8',
  'cookie' => 'PHPSESSID=r7tgm59imdjoisi6506tn84t6r',
)
[ info ] [ PARAM ] array (
  'id' => '176',
)
[ info ] [ RUN ] app\admin\controller\Index->getJson[ G:\phptools\Apache24\htdocs\thinkRbac\application\admin\controller\Index.php ]
[ info ] [ DB ] INIT mysql
[ info ] [ LOG ] INIT File
[ sql ] [ DB ] CONNECT:[ UseTime:0.170212s ] mysql:host=127.0.0.1;dbname=sm;charset=utf8
[ sql ] [ SQL ] SHOW COLUMNS FROM `sm_auth_group` [ RunTime:0.013879s ]
[ sql ] [ SQL ] SELECT * FROM `sm_auth_group` WHERE  `id` = 176 LIMIT 1 [ RunTime:0.001796s ]
[ sql ] [ SQL ] SHOW COLUMNS FROM `sm_auth_rule` [ RunTime:0.002287s ]
[ sql ] [ SQL ] SELECT `id`,`pid`,`title` FROM `sm_auth_rule` [ RunTime:0.000825s ]
---------------------------------------------------------------
[ 2018-05-12T00:54:03+08:00 ] 127.0.0.1 POST /index.php/admin/index/getJson
[ info ] 127.0.0.1:8093/index.php/admin/index/getJson [运行时间：0.092963s][吞吐率：10.76req/s] [内存消耗：2,419.55kb] [文件加载：50]
[ info ] [ LANG ] G:\phptools\Apache24\htdocs\thinkRbac\thinkphp\lang\zh-cn.php
[ info ] [ ROUTE ] array (
  'type' => 'module',
  'module' => 
  array (
    0 => 'admin',
    1 => 'index',
    2 => 'getJson',
  ),
)
[ info ] [ HEADER ] array (
  'host' => '127.0.0.1:8093',
  'connection' => 'keep-alive',
  'content-length' => '6',
  'accept' => 'application/json, text/javascript, */*; q=0.01',
  'origin' => 'http://127.0.0.1:8093',
  'x-requested-with' => 'XMLHttpRequest',
  'user-agent' => 'Mozilla/5.0 (Windows NT 10.0; Win64; x64) AppleWebKit/537.36 (KHTML, like Gecko) Chrome/58.0.3029.110 Safari/537.36',
  'content-type' => 'application/x-www-form-urlencoded; charset=UTF-8',
  'referer' => 'http://127.0.0.1:8093/index.php/admin/index/showRole?requestNum=2',
  'accept-encoding' => 'gzip, deflate, br',
  'accept-language' => 'zh-CN,zh;q=0.8',
  'cookie' => 'PHPSESSID=r7tgm59imdjoisi6506tn84t6r',
)
[ info ] [ PARAM ] array (
  'id' => '173',
)
[ info ] [ RUN ] app\admin\controller\Index->getJson[ G:\phptools\Apache24\htdocs\thinkRbac\application\admin\controller\Index.php ]
[ info ] [ DB ] INIT mysql
[ info ] [ LOG ] INIT File
[ sql ] [ DB ] CONNECT:[ UseTime:0.005945s ] mysql:host=127.0.0.1;dbname=sm;charset=utf8
[ sql ] [ SQL ] SHOW COLUMNS FROM `sm_auth_group` [ RunTime:0.002725s ]
[ sql ] [ SQL ] SELECT * FROM `sm_auth_group` WHERE  `id` = 173 LIMIT 1 [ RunTime:0.001522s ]
[ sql ] [ SQL ] SHOW COLUMNS FROM `sm_auth_rule` [ RunTime:0.001853s ]
[ sql ] [ SQL ] SELECT `id`,`pid`,`title` FROM `sm_auth_rule` [ RunTime:0.000834s ]
---------------------------------------------------------------
[ 2018-05-12T00:54:05+08:00 ] 127.0.0.1 POST /index.php/admin/index/getJson
[ info ] 127.0.0.1:8093/index.php/admin/index/getJson [运行时间：0.092592s][吞吐率：10.80req/s] [内存消耗：2,419.55kb] [文件加载：50]
[ info ] [ LANG ] G:\phptools\Apache24\htdocs\thinkRbac\thinkphp\lang\zh-cn.php
[ info ] [ ROUTE ] array (
  'type' => 'module',
  'module' => 
  array (
    0 => 'admin',
    1 => 'index',
    2 => 'getJson',
  ),
)
[ info ] [ HEADER ] array (
  'host' => '127.0.0.1:8093',
  'connection' => 'keep-alive',
  'content-length' => '6',
  'accept' => 'application/json, text/javascript, */*; q=0.01',
  'origin' => 'http://127.0.0.1:8093',
  'x-requested-with' => 'XMLHttpRequest',
  'user-agent' => 'Mozilla/5.0 (Windows NT 10.0; Win64; x64) AppleWebKit/537.36 (KHTML, like Gecko) Chrome/58.0.3029.110 Safari/537.36',
  'content-type' => 'application/x-www-form-urlencoded; charset=UTF-8',
  'referer' => 'http://127.0.0.1:8093/index.php/admin/index/showRole?requestNum=2',
  'accept-encoding' => 'gzip, deflate, br',
  'accept-language' => 'zh-CN,zh;q=0.8',
  'cookie' => 'PHPSESSID=r7tgm59imdjoisi6506tn84t6r',
)
[ info ] [ PARAM ] array (
  'id' => '176',
)
[ info ] [ RUN ] app\admin\controller\Index->getJson[ G:\phptools\Apache24\htdocs\thinkRbac\application\admin\controller\Index.php ]
[ info ] [ DB ] INIT mysql
[ info ] [ LOG ] INIT File
[ sql ] [ DB ] CONNECT:[ UseTime:0.004949s ] mysql:host=127.0.0.1;dbname=sm;charset=utf8
[ sql ] [ SQL ] SHOW COLUMNS FROM `sm_auth_group` [ RunTime:0.002069s ]
[ sql ] [ SQL ] SELECT * FROM `sm_auth_group` WHERE  `id` = 176 LIMIT 1 [ RunTime:0.000927s ]
[ sql ] [ SQL ] SHOW COLUMNS FROM `sm_auth_rule` [ RunTime:0.001643s ]
[ sql ] [ SQL ] SELECT `id`,`pid`,`title` FROM `sm_auth_rule` [ RunTime:0.000711s ]
---------------------------------------------------------------
[ 2018-05-12T00:54:07+08:00 ] 127.0.0.1 POST /index.php/admin/index/getJson
[ info ] 127.0.0.1:8093/index.php/admin/index/getJson [运行时间：0.088895s][吞吐率：11.25req/s] [内存消耗：2,419.55kb] [文件加载：50]
[ info ] [ LANG ] G:\phptools\Apache24\htdocs\thinkRbac\thinkphp\lang\zh-cn.php
[ info ] [ ROUTE ] array (
  'type' => 'module',
  'module' => 
  array (
    0 => 'admin',
    1 => 'index',
    2 => 'getJson',
  ),
)
[ info ] [ HEADER ] array (
  'host' => '127.0.0.1:8093',
  'connection' => 'keep-alive',
  'content-length' => '6',
  'accept' => 'application/json, text/javascript, */*; q=0.01',
  'origin' => 'http://127.0.0.1:8093',
  'x-requested-with' => 'XMLHttpRequest',
  'user-agent' => 'Mozilla/5.0 (Windows NT 10.0; Win64; x64) AppleWebKit/537.36 (KHTML, like Gecko) Chrome/58.0.3029.110 Safari/537.36',
  'content-type' => 'application/x-www-form-urlencoded; charset=UTF-8',
  'referer' => 'http://127.0.0.1:8093/index.php/admin/index/showRole?requestNum=2',
  'accept-encoding' => 'gzip, deflate, br',
  'accept-language' => 'zh-CN,zh;q=0.8',
  'cookie' => 'PHPSESSID=r7tgm59imdjoisi6506tn84t6r',
)
[ info ] [ PARAM ] array (
  'id' => '145',
)
[ info ] [ RUN ] app\admin\controller\Index->getJson[ G:\phptools\Apache24\htdocs\thinkRbac\application\admin\controller\Index.php ]
[ info ] [ DB ] INIT mysql
[ info ] [ LOG ] INIT File
[ sql ] [ DB ] CONNECT:[ UseTime:0.004522s ] mysql:host=127.0.0.1;dbname=sm;charset=utf8
[ sql ] [ SQL ] SHOW COLUMNS FROM `sm_auth_group` [ RunTime:0.001804s ]
[ sql ] [ SQL ] SELECT * FROM `sm_auth_group` WHERE  `id` = 145 LIMIT 1 [ RunTime:0.002105s ]
[ sql ] [ SQL ] SHOW COLUMNS FROM `sm_auth_rule` [ RunTime:0.002252s ]
[ sql ] [ SQL ] SELECT `id`,`pid`,`title` FROM `sm_auth_rule` [ RunTime:0.001007s ]
