---------------------------------------------------------------
[ 2018-05-16T08:40:59+08:00 ] 127.0.0.1 GET /index.php/asdasd?requestNum=2
[ info ] 127.0.0.1:8058/index.php/asdasd?requestNum=2 [运行时间：5.620668s][吞吐率：0.18req/s] [内存消耗：1,462.04kb] [文件加载：36]
[ info ] [ LANG ] D:\wamp64\www\itdongRbac\thinkphp\lang\zh-cn.php
[ info ] [ ROUTE ] array (
  'type' => 'module',
  'module' => 
  array (
    0 => 'asdasd',
    1 => NULL,
    2 => NULL,
  ),
)
[ info ] [ HEADER ] array (
  'host' => '127.0.0.1:8058',
  'connection' => 'keep-alive',
  'upgrade-insecure-requests' => '1',
  'user-agent' => 'Mozilla/5.0 (Windows NT 10.0; Win64; x64) AppleWebKit/537.36 (KHTML, like Gecko) Chrome/64.0.3282.186 Safari/537.36',
  'accept' => 'text/html,application/xhtml+xml,application/xml;q=0.9,image/webp,image/apng,*/*;q=0.8',
  'referer' => 'http://127.0.0.1:8058/admin/index',
  'accept-encoding' => 'gzip, deflate, br',
  'accept-language' => 'zh-CN,zh;q=0.9,en;q=0.8',
)
[ info ] [ PARAM ] array (
  'requestNum' => '2',
)
[ info ] [ LOG ] INIT File
---------------------------------------------------------------
[ 2018-05-16T14:56:54+08:00 ] 127.0.0.1 GET /
[ info ] 127.0.0.1:8058/ [运行时间：0.803927s][吞吐率：1.24req/s] [内存消耗：1,775.68kb] [文件加载：41]
[ info ] [ LANG ] D:\wamp64\www\itdongRbac\thinkphp\lang\zh-cn.php
[ info ] [ ROUTE ] array (
  'type' => 'module',
  'module' => 
  array (
    0 => '',
    1 => NULL,
    2 => NULL,
  ),
)
[ info ] [ HEADER ] array (
  'host' => '127.0.0.1:8058',
  'connection' => 'keep-alive',
  'upgrade-insecure-requests' => '1',
  'user-agent' => 'Mozilla/5.0 (Windows NT 10.0; Win64; x64) AppleWebKit/537.36 (KHTML, like Gecko) Chrome/64.0.3282.186 Safari/537.36',
  'accept' => 'text/html,application/xhtml+xml,application/xml;q=0.9,image/webp,image/apng,*/*;q=0.8',
  'accept-encoding' => 'gzip, deflate, br',
  'accept-language' => 'zh-CN,zh;q=0.9,en;q=0.8',
)
[ info ] [ PARAM ] array (
)
[ info ] [ RUN ] app\index\controller\Index->index[ D:\wamp64\www\itdongRbac\application\index\controller\Index.php ]
[ info ] [ VIEW ] D:\wamp64\www\itdongRbac\public/../application/index\view\index\index.html [ array (
) ]
[ info ] [ LOG ] INIT File
---------------------------------------------------------------
[ 2018-05-16T15:05:22+08:00 ] 127.0.0.1 GET /
[ info ] 127.0.0.1:8058/ [运行时间：0.025555s][吞吐率：39.13req/s] [内存消耗：1,775.68kb] [文件加载：41]
[ info ] [ LANG ] D:\wamp64\www\itdongRbac\thinkphp\lang\zh-cn.php
[ info ] [ ROUTE ] array (
  'type' => 'module',
  'module' => 
  array (
    0 => '',
    1 => NULL,
    2 => NULL,
  ),
)
[ info ] [ HEADER ] array (
  'host' => '127.0.0.1:8058',
  'connection' => 'keep-alive',
  'upgrade-insecure-requests' => '1',
  'user-agent' => 'Mozilla/5.0 (Windows NT 10.0; Win64; x64) AppleWebKit/537.36 (KHTML, like Gecko) Chrome/64.0.3282.186 Safari/537.36',
  'accept' => 'text/html,application/xhtml+xml,application/xml;q=0.9,image/webp,image/apng,*/*;q=0.8',
  'accept-encoding' => 'gzip, deflate, br',
  'accept-language' => 'zh-CN,zh;q=0.9,en;q=0.8',
)
[ info ] [ PARAM ] array (
)
[ info ] [ RUN ] app\index\controller\Index->index[ D:\wamp64\www\itdongRbac\application\index\controller\Index.php ]
[ info ] [ VIEW ] D:\wamp64\www\itdongRbac\public/../application/index\view\index\index.html [ array (
) ]
[ info ] [ LOG ] INIT File
